2025-06-08T14:18:01.593Z - (mockRoutes.js) - INFO - [HOME] === Processing Home Route Request ===
2025-06-08T14:18:01.599Z - (mockRoutes.js) - INFO - [HOME] Reading banner images from: D:\Not Synced Storage\Hackathons\Appian Hackathon\Round 2\Github Repo\Appian_Hackathon\Appian_Hackathon\client\public\images\banner
2025-06-08T14:18:01.601Z - (mockRoutes.js) - INFO - [HOME] Found 5 banner images
Data: [
  "banner1.png",
  "banner2.png",
  "banner3.png",
  "banner4.png",
  "banner5.png"
]
2025-06-08T14:18:01.601Z - (mockRoutes.js) - INFO - [HOME] Reading root images from: D:\Not Synced Storage\Hackathons\Appian Hackathon\Round 2\Github Repo\Appian_Hackathon\Appian_Hackathon\server\data\images
2025-06-08T14:18:01.603Z - (mockRoutes.js) - INFO - === Reading Images from Directory ===
2025-06-08T14:18:01.604Z - (mockRoutes.js) - INFO - Directory path: D:\Not Synced Storage\Hackathons\Appian Hackathon\Round 2\Github Repo\Appian_Hackathon\Appian_Hackathon\server\data\images
2025-06-08T14:18:01.604Z - (mockRoutes.js) - INFO - Found 3 images in directory
Data: [
  "15970.png",
  "39386.png",
  "59263.png"
]
2025-06-08T14:18:01.605Z - (mockRoutes.js) - INFO - === Directory Reading Complete ===
2025-06-08T14:18:01.606Z - (mockRoutes.js) - INFO - [HOME] homeProducts = 
Data: [
  {
    "productId": "15970",
    "productName": "Turtle Check Men Navy Blue Shirt",
    "gender": "Men",
    "masterCategory": "Apparel",
    "subCategory": "Topwear",
    "articleType": "Shirts",
    "baseColour": "Navy Blue",
    "season": "Fall",
    "usage": "Casual",
    "image": "/images/products/15970.jpg",
    "price": 2615
  },
  {
    "productId": "39386",
    "productName": "Peter England Men Party Blue Jeans",
    "gender": "Men",
    "masterCategory": "Apparel",
    "subCategory": "Bottomwear",
    "articleType": "Jeans",
    "baseColour": "Blue",
    "season": "Summer",
    "usage": "Casual",
    "image": "/images/products/39386.jpg",
    "price": 2381
  },
  {
    "productId": "59263",
    "productName": "Titan Women Silver Watch",
    "gender": "Women",
    "masterCategory": "Accessories",
    "subCategory": "Watches",
    "articleType": "Watches",
    "baseColour": "Silver",
    "season": "Winter",
    "usage": "Casual",
    "image": "/images/products/59263.jpg",
    "price": 2437
  }
]
2025-06-08T14:18:01.607Z - (mockRoutes.js) - INFO - [HOME] Creating featured products from 3 available products
2025-06-08T14:18:01.608Z - (mockRoutes.js) - INFO - [HOME] Created 3 featured products
Data: [
  {
    "productId": "15970",
    "productName": "Turtle Check Men Navy Blue Shirt",
    "gender": "Men",
    "masterCategory": "Apparel",
    "subCategory": "Topwear",
    "articleType": "Shirts",
    "baseColour": "Navy Blue",
    "season": "Fall",
    "usage": "Casual",
    "image": "/images/15970.png",
    "price": 2615
  },
  {
    "productId": "39386",
    "productName": "Peter England Men Party Blue Jeans",
    "gender": "Men",
    "masterCategory": "Apparel",
    "subCategory": "Bottomwear",
    "articleType": "Jeans",
    "baseColour": "Blue",
    "season": "Summer",
    "usage": "Casual",
    "image": "/images/39386.png",
    "price": 2381
  },
  {
    "productId": "59263",
    "productName": "Titan Women Silver Watch",
    "gender": "Women",
    "masterCategory": "Accessories",
    "subCategory": "Watches",
    "articleType": "Watches",
    "baseColour": "Silver",
    "season": "Winter",
    "usage": "Casual",
    "image": "/images/59263.png",
    "price": 2437
  }
]
2025-06-08T14:18:01.608Z - (mockRoutes.js) - INFO - [HOME] === Home Route Processing Complete ===
2025-06-08T14:18:10.165Z - (mockRoutes.js) - INFO - [CHATBOT_IMAGE] === Processing Chatbot Image Upload ===
2025-06-08T14:18:10.166Z - (mockRoutes.js) - INFO - [CHATBOT_IMAGE] Image stored in session
Data: {
  "hasImage": true
}
2025-06-08T14:18:10.206Z - (mockRoutes.js) - INFO - [CHATBOT_IMAGE] === Chatbot Image Upload Complete ===
2025-06-08T14:18:22.909Z - (mockRoutes.js) - INFO - [CHATBOT_TEXT] === Processing Chatbot Text Input ===
2025-06-08T14:18:22.909Z - (mockRoutes.js) - INFO - [CHATBOT_TEXT] Text stored in session
Data: {
  "hasText": true
}
2025-06-08T14:18:22.928Z - (mockRoutes.js) - INFO - [CHATBOT_TEXT] === Chatbot Text Input Complete ===
2025-06-08T14:18:27.507Z - (mockRoutes.js) - INFO - [PROCESS_RECOMMENDATIONS] === Processing Recommendation Request ===
2025-06-08T14:18:27.509Z - (mockRoutes.js) - INFO - [PROCESS_RECOMMENDATIONS] Session data retrieved
Data: {
  "hasText": true,
  "hasImage": true
}
2025-06-08T14:18:27.510Z - (mockRoutes.js) - INFO - [PROCESS_RECOMMENDATIONS] Calling FastAPI endpoint for recommendations
2025-06-08T14:18:43.606Z - (mockRoutes.js) - INFO - [PROCESS_RECOMMENDATIONS] Storing recommendation results in session
2025-06-08T14:18:43.613Z - (mockRoutes.js) - INFO - [PROCESS_RECOMMENDATIONS] Recommendation results stored
Data: {
  "similarProductsCount": 10,
  "recommendProductsCount": 10
}
2025-06-08T14:18:43.615Z - (mockRoutes.js) - INFO - [PROCESS_RECOMMENDATIONS] === Recommendation Processing Complete ===
2025-06-08T14:18:43.698Z - (mockRoutes.js) - INFO - [RECOMMEND] === Processing Recommend Page Request ===
2025-06-08T14:18:43.698Z - (mockRoutes.js) - INFO - [RECOMMEND] Processing similar products
2025-06-08T14:18:43.699Z - (mockRoutes.js) - INFO - [RECOMMEND] Processing recommended products
2025-06-08T14:18:43.700Z - (mockRoutes.js) - INFO - [RECOMMEND] Similar Products Details:
Data: [
  {
    "productId": "26536",
    "productName": "ID Men White Shoes",
    "gender": "Men",
    "masterCategory": "Footwear",
    "subCategory": "Shoes",
    "articleType": "Casual Shoes",
    "baseColour": "White",
    "season": "Summer",
    "usage": "Casual",
    "image": "/images/similarProducts/26536.jpg",
    "price": 1442
  },
  {
    "productId": "24260",
    "productName": "Numero Uno Men White Shoes",
    "gender": "Men",
    "masterCategory": "Footwear",
    "subCategory": "Shoes",
    "articleType": "Casual Shoes",
    "baseColour": "White",
    "season": "Summer",
    "usage": "Casual",
    "image": "/images/similarProducts/24260.jpg",
    "price": 1166
  },
  {
    "productId": "54518",
    "productName": "F Sports Men White Velocity Sports Shoes",
    "gender": "Men",
    "masterCategory": "Footwear",
    "subCategory": "Shoes",
    "articleType": "Sports Shoes",
    "baseColour": "White",
    "season": "Fall",
    "usage": "Sports",
    "image": "/images/similarProducts/54518.jpg",
    "price": 1595
  },
  {
    "productId": "5345",
    "productName": "Btwin Sport 5 Shoes",
    "gender": "Men",
    "masterCategory": "Footwear",
    "subCategory": "Shoes",
    "articleType": "Sports Shoes",
    "baseColour": "Black",
    "season": "Fall",
    "usage": "Sports",
    "image": "/images/similarProducts/5345.jpg",
    "price": 1266
  },
  {
    "productId": "12919",
    "productName": "iD Men Casual White Shoes",
    "gender": "Men",
    "masterCategory": "Footwear",
    "subCategory": "Shoes",
    "articleType": "Casual Shoes",
    "baseColour": "White",
    "season": "Fall",
    "usage": "Casual",
    "image": "/images/similarProducts/12919.jpg",
    "price": 1197
  },
  {
    "productId": "54535",
    "productName": "F Sports Men White Cyber Sports Shoes",
    "gender": "Men",
    "masterCategory": "Footwear",
    "subCategory": "Shoes",
    "articleType": "Sports Shoes",
    "baseColour": "White",
    "season": "Fall",
    "usage": "Sports",
    "image": "/images/similarProducts/54535.jpg",
    "price": 2456
  },
  {
    "productId": "39992",
    "productName": "Gas Men Romance White Shoes",
    "gender": "Men",
    "masterCategory": "Footwear",
    "subCategory": "Shoes",
    "articleType": "Casual Shoes",
    "baseColour": "White",
    "season": "Winter",
    "usage": "Casual",
    "image": "/images/similarProducts/39992.jpg",
    "price": 2771
  },
  {
    "productId": "30239",
    "productName": "Numero Uno Men White Shoes",
    "gender": "Men",
    "masterCategory": "Footwear",
    "subCategory": "Shoes",
    "articleType": "Casual Shoes",
    "baseColour": "White",
    "season": "Summer",
    "usage": "Casual",
    "image": "/images/similarProducts/30239.jpg",
    "price": 2005
  },
  {
    "productId": "35248",
    "productName": "Numero Uno Men White Shoes",
    "gender": "Men",
    "masterCategory": "Footwear",
    "subCategory": "Shoes",
    "articleType": "Casual Shoes",
    "baseColour": "White",
    "season": "Summer",
    "usage": "Casual",
    "image": "/images/similarProducts/35248.jpg",
    "price": 1033
  },
  {
    "productId": "39990",
    "productName": "Gas Men Skate White Shoes",
    "gender": "Men",
    "masterCategory": "Footwear",
    "subCategory": "Shoes",
    "articleType": "Casual Shoes",
    "baseColour": "White",
    "season": "Summer",
    "usage": "Casual",
    "image": "/images/similarProducts/39990.jpg",
    "price": 3221
  }
]
2025-06-08T14:18:43.701Z - (mockRoutes.js) - INFO - [RECOMMEND] Recommended Products Details:
Data: [
  {
    "productId": "20913",
    "productName": "Deni Yo Men Washed Blue Jeans",
    "gender": "Men",
    "masterCategory": "Apparel",
    "subCategory": "Bottomwear",
    "articleType": "Jeans",
    "baseColour": "Blue",
    "season": "Fall",
    "usage": "Casual",
    "image": "/images/recommendProducts/20913.jpg",
    "price": 2909
  },
  {
    "productId": "20915",
    "productName": "Deni Yo Men Washed Blue Jeans",
    "gender": "Men",
    "masterCategory": "Apparel",
    "subCategory": "Bottomwear",
    "articleType": "Jeans",
    "baseColour": "Blue",
    "season": "Fall",
    "usage": "Casual",
    "image": "/images/recommendProducts/20915.jpg",
    "price": 1373
  },
  {
    "productId": "57075",
    "productName": "Elle Blue Jeans",
    "gender": "Women",
    "masterCategory": "Apparel",
    "subCategory": "Bottomwear",
    "articleType": "Jeans",
    "baseColour": "Blue",
    "season": "Summer",
    "usage": "Casual",
    "image": "/images/recommendProducts/57075.jpg",
    "price": 2
  },
  {
    "productId": "58411",
    "productName": "Locomotive Men Blue Jeans",
    "gender": "Men",
    "masterCategory": "Apparel",
    "subCategory": "Bottomwear",
    "articleType": "Jeans",
    "baseColour": "Blue",
    "season": "Summer",
    "usage": "Casual",
    "image": "/images/recommendProducts/58411.jpg",
    "price": 2884
  },
  {
    "productId": "22786",
    "productName": "Deni Yo Men Washed Blue Jeans",
    "gender": "Men",
    "masterCategory": "Apparel",
    "subCategory": "Bottomwear",
    "articleType": "Jeans",
    "baseColour": "Blue",
    "season": "Fall",
    "usage": "Casual",
    "image": "/images/recommendProducts/22786.jpg",
    "price": 1889
  },
  {
    "productId": "22787",
    "productName": "Deni Yo Men Washed Blue Jeans",
    "gender": "Men",
    "masterCategory": "Apparel",
    "subCategory": "Bottomwear",
    "articleType": "Jeans",
    "baseColour": "Blue",
    "season": "Fall",
    "usage": "Casual",
    "image": "/images/recommendProducts/22787.jpg",
    "price": 1486
  },
  {
    "productId": "32567",
    "productName": "ONLY Women Blue Jeans",
    "gender": "Women",
    "masterCategory": "Apparel",
    "subCategory": "Bottomwear",
    "articleType": "Jeans",
    "baseColour": "Blue",
    "season": "Summer",
    "usage": "Casual",
    "image": "/images/recommendProducts/32567.jpg",
    "price": 615
  },
  {
    "productId": "32560",
    "productName": "ONLY Women Blue Jeans",
    "gender": "Women",
    "masterCategory": "Apparel",
    "subCategory": "Bottomwear",
    "articleType": "Jeans",
    "baseColour": "Blue",
    "season": "Summer",
    "usage": "Casual",
    "image": "/images/recommendProducts/32560.jpg",
    "price": 1228
  },
  {
    "productId": "20910",
    "productName": "Deni Yo Men Washed Blue Jeans",
    "gender": "Men",
    "masterCategory": "Apparel",
    "subCategory": "Bottomwear",
    "articleType": "Jeans",
    "baseColour": "Blue",
    "season": "Fall",
    "usage": "Casual",
    "image": "/images/recommendProducts/20910.jpg",
    "price": 1366
  },
  {
    "productId": "20918",
    "productName": "Deni Yo Men Washed Blue Jeans",
    "gender": "Men",
    "masterCategory": "Apparel",
    "subCategory": "Bottomwear",
    "articleType": "Jeans",
    "baseColour": "Blue",
    "season": "Fall",
    "usage": "Casual",
    "image": "/images/recommendProducts/20918.jpg",
    "price": 1477
  }
]
2025-06-08T14:18:43.702Z - (mockRoutes.js) - INFO - [RECOMMEND] Rendering recommend page
Data: {
  "similarProductsCount": 10,
  "recommendProductsCount": 10
}
2025-06-08T14:18:43.702Z - (mockRoutes.js) - INFO - [RECOMMEND] === Recommend Page Processing Complete ===
2025-06-08T14:19:01.762Z - (mockRoutes.js) - INFO - [CART_ADD] === Processing Add to Cart Request ===
2025-06-08T14:19:01.763Z - (mockRoutes.js) - INFO - [CART_ADD] Request body:
Data: {
  "productId": "26536",
  "quantity": 4
}
2025-06-08T14:19:01.763Z - (mockRoutes.js) - INFO - [CART_ADD] Session products:
Data: {
  "hasSessionSimilarProducts": true,
  "hasSessionRecommendProducts": true,
  "similarProductsCount": 10,
  "recommendProductsCount": 10
}
2025-06-08T14:19:01.763Z - (mockRoutes.js) - INFO - [CART_ADD] Searching for product with ID: 26536
2025-06-08T14:19:01.764Z - (mockRoutes.js) - INFO - [CART_ADD] Added new item to cart
Data: {
  "productId": "26536",
  "quantity": 4
}
2025-06-08T14:19:01.778Z - (mockRoutes.js) - INFO - [CART_ADD] Cart updated
Data: [
  {
    "productId": "26536",
    "quantity": 4
  }
]
2025-06-08T14:19:01.778Z - (mockRoutes.js) - INFO - [CART_ADD] === Add to Cart Request Complete ===
2025-06-08T14:19:07.689Z - (mockRoutes.js) - INFO - [CART_ADD] === Processing Add to Cart Request ===
2025-06-08T14:19:07.690Z - (mockRoutes.js) - INFO - [CART_ADD] Request body:
Data: {
  "productId": "20915",
  "quantity": 2
}
2025-06-08T14:19:07.690Z - (mockRoutes.js) - INFO - [CART_ADD] Session products:
Data: {
  "hasSessionSimilarProducts": true,
  "hasSessionRecommendProducts": true,
  "similarProductsCount": 10,
  "recommendProductsCount": 10
}
2025-06-08T14:19:07.691Z - (mockRoutes.js) - INFO - [CART_ADD] Searching for product with ID: 20915
2025-06-08T14:19:07.691Z - (mockRoutes.js) - INFO - [CART_ADD] Added new item to cart
Data: {
  "productId": "20915",
  "quantity": 2
}
2025-06-08T14:19:07.704Z - (mockRoutes.js) - INFO - [CART_ADD] Cart updated
Data: [
  {
    "productId": "26536",
    "quantity": 4
  },
  {
    "productId": "20915",
    "quantity": 2
  }
]
2025-06-08T14:19:07.704Z - (mockRoutes.js) - INFO - [CART_ADD] === Add to Cart Request Complete ===
2025-06-08T14:19:11.877Z - (mockRoutes.js) - INFO - [CART] === Processing Cart Page Request ===
2025-06-08T14:19:11.878Z - (mockRoutes.js) - INFO - [CART] Processing 2 cart items
2025-06-08T14:19:11.879Z - (mockRoutes.js) - INFO - [CART] Session cart data:
Data: [
  {
    "productId": "26536",
    "quantity": 4
  },
  {
    "productId": "20915",
    "quantity": 2
  }
]
2025-06-08T14:19:11.879Z - (mockRoutes.js) - INFO - [CART] Using products from session:
Data: {
  "hasSessionSimilarProducts": true,
  "hasSessionRecommendProducts": true,
  "similarProductsCount": 10,
  "recommendProductsCount": 10
}
2025-06-08T14:19:11.880Z - (mockRoutes.js) - INFO - [CART] Processing cart item:
Data: {
  "productId": "26536",
  "quantity": 4
}
2025-06-08T14:19:11.880Z - (mockRoutes.js) - INFO - [CART] Created cart item data:
Data: {
  "productId": "26536",
  "productName": "ID Men White Shoes",
  "articleType": "Casual Shoes",
  "subCategory": "Shoes",
  "season": "Summer",
  "usage": "Casual",
  "image": "/images/similarProducts/26536.jpg",
  "price": 1442,
  "quantity": 4
}
2025-06-08T14:19:11.881Z - (mockRoutes.js) - INFO - [CART] Processing cart item:
Data: {
  "productId": "20915",
  "quantity": 2
}
2025-06-08T14:19:11.881Z - (mockRoutes.js) - INFO - [CART] Product 20915 not found in session similarProducts array
2025-06-08T14:19:11.882Z - (mockRoutes.js) - INFO - [CART] Product found in session recommendProducts array
Data: {
  "productId": "20915",
  "productName": "Deni Yo Men Washed Blue Jeans",
  "gender": "Men",
  "masterCategory": "Apparel",
  "subCategory": "Bottomwear",
  "articleType": "Jeans",
  "baseColour": "Blue",
  "season": "Fall",
  "usage": "Casual",
  "image": "/images/recommendProducts/20915.jpg",
  "price": 1373
}
2025-06-08T14:19:11.882Z - (mockRoutes.js) - INFO - [CART] Created cart item data:
Data: {
  "productId": "20915",
  "productName": "Deni Yo Men Washed Blue Jeans",
  "articleType": "Jeans",
  "subCategory": "Bottomwear",
  "season": "Fall",
  "usage": "Casual",
  "image": "/images/recommendProducts/20915.jpg",
  "price": 1373,
  "quantity": 2
}
2025-06-08T14:19:11.882Z - (mockRoutes.js) - INFO - [CART] Cart items processed
Data: {
  "totalItems": 2,
  "items": [
    {
      "productId": "26536",
      "productName": "ID Men White Shoes",
      "articleType": "Casual Shoes",
      "subCategory": "Shoes",
      "season": "Summer",
      "usage": "Casual",
      "image": "/images/similarProducts/26536.jpg",
      "price": 1442,
      "quantity": 4
    },
    {
      "productId": "20915",
      "productName": "Deni Yo Men Washed Blue Jeans",
      "articleType": "Jeans",
      "subCategory": "Bottomwear",
      "season": "Fall",
      "usage": "Casual",
      "image": "/images/recommendProducts/20915.jpg",
      "price": 1373,
      "quantity": 2
    }
  ],
  "totalPrice": 8514
}
2025-06-08T14:19:11.883Z - (mockRoutes.js) - INFO - [CART] === Cart Page Processing Complete ===
2025-06-08T14:19:29.979Z - (mockRoutes.js) - INFO - [HOME] === Processing Home Route Request ===
2025-06-08T14:19:29.982Z - (mockRoutes.js) - INFO - [HOME] Reading banner images from: D:\Not Synced Storage\Hackathons\Appian Hackathon\Round 2\Github Repo\Appian_Hackathon\Appian_Hackathon\client\public\images\banner
2025-06-08T14:19:29.984Z - (mockRoutes.js) - INFO - [HOME] Found 5 banner images
Data: [
  "banner1.png",
  "banner2.png",
  "banner3.png",
  "banner4.png",
  "banner5.png"
]
2025-06-08T14:19:29.984Z - (mockRoutes.js) - INFO - [HOME] Reading root images from: D:\Not Synced Storage\Hackathons\Appian Hackathon\Round 2\Github Repo\Appian_Hackathon\Appian_Hackathon\server\data\images
2025-06-08T14:19:29.985Z - (mockRoutes.js) - INFO - === Reading Images from Directory ===
2025-06-08T14:19:29.985Z - (mockRoutes.js) - INFO - Directory path: D:\Not Synced Storage\Hackathons\Appian Hackathon\Round 2\Github Repo\Appian_Hackathon\Appian_Hackathon\server\data\images
2025-06-08T14:19:29.986Z - (mockRoutes.js) - INFO - Found 3 images in directory
Data: [
  "15970.png",
  "39386.png",
  "59263.png"
]
2025-06-08T14:19:29.988Z - (mockRoutes.js) - INFO - === Directory Reading Complete ===
2025-06-08T14:19:29.988Z - (mockRoutes.js) - INFO - [HOME] homeProducts = 
Data: [
  {
    "productId": "15970",
    "productName": "Turtle Check Men Navy Blue Shirt",
    "gender": "Men",
    "masterCategory": "Apparel",
    "subCategory": "Topwear",
    "articleType": "Shirts",
    "baseColour": "Navy Blue",
    "season": "Fall",
    "usage": "Casual",
    "image": "/images/products/15970.jpg",
    "price": 2615
  },
  {
    "productId": "39386",
    "productName": "Peter England Men Party Blue Jeans",
    "gender": "Men",
    "masterCategory": "Apparel",
    "subCategory": "Bottomwear",
    "articleType": "Jeans",
    "baseColour": "Blue",
    "season": "Summer",
    "usage": "Casual",
    "image": "/images/products/39386.jpg",
    "price": 2381
  },
  {
    "productId": "59263",
    "productName": "Titan Women Silver Watch",
    "gender": "Women",
    "masterCategory": "Accessories",
    "subCategory": "Watches",
    "articleType": "Watches",
    "baseColour": "Silver",
    "season": "Winter",
    "usage": "Casual",
    "image": "/images/products/59263.jpg",
    "price": 2437
  }
]
2025-06-08T14:19:29.990Z - (mockRoutes.js) - INFO - [HOME] Creating featured products from 3 available products
2025-06-08T14:19:29.990Z - (mockRoutes.js) - INFO - [HOME] Created 3 featured products
Data: [
  {
    "productId": "15970",
    "productName": "Turtle Check Men Navy Blue Shirt",
    "gender": "Men",
    "masterCategory": "Apparel",
    "subCategory": "Topwear",
    "articleType": "Shirts",
    "baseColour": "Navy Blue",
    "season": "Fall",
    "usage": "Casual",
    "image": "/images/15970.png",
    "price": 2615
  },
  {
    "productId": "39386",
    "productName": "Peter England Men Party Blue Jeans",
    "gender": "Men",
    "masterCategory": "Apparel",
    "subCategory": "Bottomwear",
    "articleType": "Jeans",
    "baseColour": "Blue",
    "season": "Summer",
    "usage": "Casual",
    "image": "/images/39386.png",
    "price": 2381
  },
  {
    "productId": "59263",
    "productName": "Titan Women Silver Watch",
    "gender": "Women",
    "masterCategory": "Accessories",
    "subCategory": "Watches",
    "articleType": "Watches",
    "baseColour": "Silver",
    "season": "Winter",
    "usage": "Casual",
    "image": "/images/59263.png",
    "price": 2437
  }
]
2025-06-08T14:19:29.991Z - (mockRoutes.js) - INFO - [HOME] === Home Route Processing Complete ===
2025-06-08T14:19:31.201Z - (mockRoutes.js) - INFO - [SESSION_DEBUG] === Processing Session Debug Request ===
2025-06-08T14:19:31.203Z - (mockRoutes.js) - INFO - [SESSION_DEBUG] === Session Debug Complete ===
2025-06-08T14:19:56.141Z - (mockRoutes.js) - INFO - [CART_ADD] === Processing Add to Cart Request ===
2025-06-08T14:19:56.141Z - (mockRoutes.js) - INFO - [CART_ADD] Request body:
Data: {
  "productId": "20915",
  "quantity": 5
}
2025-06-08T14:19:56.142Z - (mockRoutes.js) - INFO - [CART_ADD] Session products:
Data: {
  "hasSessionSimilarProducts": true,
  "hasSessionRecommendProducts": true,
  "similarProductsCount": 10,
  "recommendProductsCount": 10
}
2025-06-08T14:19:56.142Z - (mockRoutes.js) - INFO - [CART_ADD] Searching for product with ID: 20915
2025-06-08T14:19:56.143Z - (mockRoutes.js) - INFO - [CART_ADD] Updated existing cart item
Data: {
  "productId": "20915",
  "quantity": 7
}
2025-06-08T14:19:56.155Z - (mockRoutes.js) - INFO - [CART_ADD] Cart updated
Data: [
  {
    "productId": "26536",
    "quantity": 4
  },
  {
    "productId": "20915",
    "quantity": 7
  }
]
2025-06-08T14:19:56.156Z - (mockRoutes.js) - INFO - [CART_ADD] === Add to Cart Request Complete ===
2025-06-08T14:20:00.631Z - (mockRoutes.js) - INFO - [SESSION_DEBUG] === Processing Session Debug Request ===
2025-06-08T14:20:00.632Z - (mockRoutes.js) - INFO - [SESSION_DEBUG] === Session Debug Complete ===
